18:14:52.108 [redisson-netty-4-7] ERROR org.redisson.client.handler.CommandsQueue - Exception occured. Channel: [id: 0x44e25894, L:/127.0.0.1:51220 - R:/127.0.0.1:6379]
java.io.IOException: 远程主机强迫关闭了一个现有的连接。
	at sun.nio.ch.SocketDispatcher.read0(Native Method) ~[?:1.8.0_282]
	at sun.nio.ch.SocketDispatcher.read(SocketDispatcher.java:43) ~[?:1.8.0_282]
	at sun.nio.ch.IOUtil.readIntoNativeBuffer(IOUtil.java:223) ~[?:1.8.0_282]
	at sun.nio.ch.IOUtil.read(IOUtil.java:192) ~[?:1.8.0_282]
	at sun.nio.ch.SocketChannelImpl.read(SocketChannelImpl.java:379) ~[?:1.8.0_282]
	at io.netty.buffer.PooledUnsafeDirectByteBuf.setBytes(PooledUnsafeDirectByteBuf.java:288) ~[netty-all-4.1.33.Final.jar:4.1.33.Final]
	at io.netty.buffer.AbstractByteBuf.writeBytes(AbstractByteBuf.java:1132) ~[netty-all-4.1.33.Final.jar:4.1.33.Final]
	at io.netty.channel.socket.nio.NioSocketChannel.doReadBytes(NioSocketChannel.java:347) ~[netty-all-4.1.33.Final.jar:4.1.33.Final]
	at io.netty.channel.nio.AbstractNioByteChannel$NioByteUnsafe.read(AbstractNioByteChannel.java:148) [netty-all-4.1.33.Final.jar:4.1.33.Final]
	at io.netty.channel.nio.NioEventLoop.processSelectedKey(NioEventLoop.java:677) [netty-all-4.1.33.Final.jar:4.1.33.Final]
	at io.netty.channel.nio.NioEventLoop.processSelectedKeysOptimized(NioEventLoop.java:612) [netty-all-4.1.33.Final.jar:4.1.33.Final]
	at io.netty.channel.nio.NioEventLoop.processSelectedKeys(NioEventLoop.java:529) [netty-all-4.1.33.Final.jar:4.1.33.Final]
	at io.netty.channel.nio.NioEventLoop.run(NioEventLoop.java:491) [netty-all-4.1.33.Final.jar:4.1.33.Final]
	at io.netty.util.concurrent.SingleThreadEventExecutor$5.run(SingleThreadEventExecutor.java:905) [netty-all-4.1.33.Final.jar:4.1.33.Final]
	at io.netty.util.concurrent.FastThreadLocalRunnable.run(FastThreadLocalRunnable.java:30) [netty-all-4.1.33.Final.jar:4.1.33.Final]
	at java.lang.Thread.run(Thread.java:748) [?:1.8.0_282]
18:14:52.225 [redisson-netty-4-3] ERROR org.redisson.client.handler.CommandsQueue - Exception occured. Channel: [id: 0x0a42889d, L:/127.0.0.1:51216 - R:/127.0.0.1:6379]
java.io.IOException: 远程主机强迫关闭了一个现有的连接。
	at sun.nio.ch.SocketDispatcher.read0(Native Method) ~[?:1.8.0_282]
	at sun.nio.ch.SocketDispatcher.read(SocketDispatcher.java:43) ~[?:1.8.0_282]
	at sun.nio.ch.IOUtil.readIntoNativeBuffer(IOUtil.java:223) ~[?:1.8.0_282]
	at sun.nio.ch.IOUtil.read(IOUtil.java:192) ~[?:1.8.0_282]
	at sun.nio.ch.SocketChannelImpl.read(SocketChannelImpl.java:379) ~[?:1.8.0_282]
	at io.netty.buffer.PooledUnsafeDirectByteBuf.setBytes(PooledUnsafeDirectByteBuf.java:288) ~[netty-all-4.1.33.Final.jar:4.1.33.Final]
	at io.netty.buffer.AbstractByteBuf.writeBytes(AbstractByteBuf.java:1132) ~[netty-all-4.1.33.Final.jar:4.1.33.Final]
	at io.netty.channel.socket.nio.NioSocketChannel.doReadBytes(NioSocketChannel.java:347) ~[netty-all-4.1.33.Final.jar:4.1.33.Final]
	at io.netty.channel.nio.AbstractNioByteChannel$NioByteUnsafe.read(AbstractNioByteChannel.java:148) [netty-all-4.1.33.Final.jar:4.1.33.Final]
	at io.netty.channel.nio.NioEventLoop.processSelectedKey(NioEventLoop.java:677) [netty-all-4.1.33.Final.jar:4.1.33.Final]
	at io.netty.channel.nio.NioEventLoop.processSelectedKeysOptimized(NioEventLoop.java:612) [netty-all-4.1.33.Final.jar:4.1.33.Final]
	at io.netty.channel.nio.NioEventLoop.processSelectedKeys(NioEventLoop.java:529) [netty-all-4.1.33.Final.jar:4.1.33.Final]
	at io.netty.channel.nio.NioEventLoop.run(NioEventLoop.java:491) [netty-all-4.1.33.Final.jar:4.1.33.Final]
	at io.netty.util.concurrent.SingleThreadEventExecutor$5.run(SingleThreadEventExecutor.java:905) [netty-all-4.1.33.Final.jar:4.1.33.Final]
	at io.netty.util.concurrent.FastThreadLocalRunnable.run(FastThreadLocalRunnable.java:30) [netty-all-4.1.33.Final.jar:4.1.33.Final]
	at java.lang.Thread.run(Thread.java:748) [?:1.8.0_282]
18:14:52.225 [redisson-netty-4-4] ERROR org.redisson.client.handler.CommandsQueue - Exception occured. Channel: [id: 0x3261eb70, L:/127.0.0.1:51215 - R:/127.0.0.1:6379]
java.io.IOException: 远程主机强迫关闭了一个现有的连接。
	at sun.nio.ch.SocketDispatcher.read0(Native Method) ~[?:1.8.0_282]
	at sun.nio.ch.SocketDispatcher.read(SocketDispatcher.java:43) ~[?:1.8.0_282]
	at sun.nio.ch.IOUtil.readIntoNativeBuffer(IOUtil.java:223) ~[?:1.8.0_282]
	at sun.nio.ch.IOUtil.read(IOUtil.java:192) ~[?:1.8.0_282]
	at sun.nio.ch.SocketChannelImpl.read(SocketChannelImpl.java:379) ~[?:1.8.0_282]
	at io.netty.buffer.PooledUnsafeDirectByteBuf.setBytes(PooledUnsafeDirectByteBuf.java:288) ~[netty-all-4.1.33.Final.jar:4.1.33.Final]
	at io.netty.buffer.AbstractByteBuf.writeBytes(AbstractByteBuf.java:1132) ~[netty-all-4.1.33.Final.jar:4.1.33.Final]
	at io.netty.channel.socket.nio.NioSocketChannel.doReadBytes(NioSocketChannel.java:347) ~[netty-all-4.1.33.Final.jar:4.1.33.Final]
	at io.netty.channel.nio.AbstractNioByteChannel$NioByteUnsafe.read(AbstractNioByteChannel.java:148) [netty-all-4.1.33.Final.jar:4.1.33.Final]
	at io.netty.channel.nio.NioEventLoop.processSelectedKey(NioEventLoop.java:677) [netty-all-4.1.33.Final.jar:4.1.33.Final]
	at io.netty.channel.nio.NioEventLoop.processSelectedKeysOptimized(NioEventLoop.java:612) [netty-all-4.1.33.Final.jar:4.1.33.Final]
	at io.netty.channel.nio.NioEventLoop.processSelectedKeys(NioEventLoop.java:529) [netty-all-4.1.33.Final.jar:4.1.33.Final]
	at io.netty.channel.nio.NioEventLoop.run(NioEventLoop.java:491) [netty-all-4.1.33.Final.jar:4.1.33.Final]
	at io.netty.util.concurrent.SingleThreadEventExecutor$5.run(SingleThreadEventExecutor.java:905) [netty-all-4.1.33.Final.jar:4.1.33.Final]
	at io.netty.util.concurrent.FastThreadLocalRunnable.run(FastThreadLocalRunnable.java:30) [netty-all-4.1.33.Final.jar:4.1.33.Final]
	at java.lang.Thread.run(Thread.java:748) [?:1.8.0_282]
18:14:52.229 [redisson-netty-4-11] ERROR org.redisson.client.handler.CommandsQueue - Exception occured. Channel: [id: 0x52b5a2b8, L:/127.0.0.1:51214 - R:/127.0.0.1:6379]
java.io.IOException: 远程主机强迫关闭了一个现有的连接。
	at sun.nio.ch.SocketDispatcher.read0(Native Method) ~[?:1.8.0_282]
	at sun.nio.ch.SocketDispatcher.read(SocketDispatcher.java:43) ~[?:1.8.0_282]
	at sun.nio.ch.IOUtil.readIntoNativeBuffer(IOUtil.java:223) ~[?:1.8.0_282]
	at sun.nio.ch.IOUtil.read(IOUtil.java:192) ~[?:1.8.0_282]
	at sun.nio.ch.SocketChannelImpl.read(SocketChannelImpl.java:379) ~[?:1.8.0_282]
	at io.netty.buffer.PooledUnsafeDirectByteBuf.setBytes(PooledUnsafeDirectByteBuf.java:288) ~[netty-all-4.1.33.Final.jar:4.1.33.Final]
	at io.netty.buffer.AbstractByteBuf.writeBytes(AbstractByteBuf.java:1132) ~[netty-all-4.1.33.Final.jar:4.1.33.Final]
	at io.netty.channel.socket.nio.NioSocketChannel.doReadBytes(NioSocketChannel.java:347) ~[netty-all-4.1.33.Final.jar:4.1.33.Final]
	at io.netty.channel.nio.AbstractNioByteChannel$NioByteUnsafe.read(AbstractNioByteChannel.java:148) [netty-all-4.1.33.Final.jar:4.1.33.Final]
	at io.netty.channel.nio.NioEventLoop.processSelectedKey(NioEventLoop.java:677) [netty-all-4.1.33.Final.jar:4.1.33.Final]
	at io.netty.channel.nio.NioEventLoop.processSelectedKeysOptimized(NioEventLoop.java:612) [netty-all-4.1.33.Final.jar:4.1.33.Final]
	at io.netty.channel.nio.NioEventLoop.processSelectedKeys(NioEventLoop.java:529) [netty-all-4.1.33.Final.jar:4.1.33.Final]
	at io.netty.channel.nio.NioEventLoop.run(NioEventLoop.java:491) [netty-all-4.1.33.Final.jar:4.1.33.Final]
	at io.netty.util.concurrent.SingleThreadEventExecutor$5.run(SingleThreadEventExecutor.java:905) [netty-all-4.1.33.Final.jar:4.1.33.Final]
	at io.netty.util.concurrent.FastThreadLocalRunnable.run(FastThreadLocalRunnable.java:30) [netty-all-4.1.33.Final.jar:4.1.33.Final]
	at java.lang.Thread.run(Thread.java:748) [?:1.8.0_282]
18:14:52.225 [redisson-netty-4-8] ERROR org.redisson.client.handler.CommandsQueue - Exception occured. Channel: [id: 0x8c0fb24a, L:/127.0.0.1:51218 - R:/127.0.0.1:6379]
java.io.IOException: 远程主机强迫关闭了一个现有的连接。
	at sun.nio.ch.SocketDispatcher.read0(Native Method) ~[?:1.8.0_282]
	at sun.nio.ch.SocketDispatcher.read(SocketDispatcher.java:43) ~[?:1.8.0_282]
	at sun.nio.ch.IOUtil.readIntoNativeBuffer(IOUtil.java:223) ~[?:1.8.0_282]
	at sun.nio.ch.IOUtil.read(IOUtil.java:192) ~[?:1.8.0_282]
	at sun.nio.ch.SocketChannelImpl.read(SocketChannelImpl.java:379) ~[?:1.8.0_282]
	at io.netty.buffer.PooledUnsafeDirectByteBuf.setBytes(PooledUnsafeDirectByteBuf.java:288) ~[netty-all-4.1.33.Final.jar:4.1.33.Final]
	at io.netty.buffer.AbstractByteBuf.writeBytes(AbstractByteBuf.java:1132) ~[netty-all-4.1.33.Final.jar:4.1.33.Final]
	at io.netty.channel.socket.nio.NioSocketChannel.doReadBytes(NioSocketChannel.java:347) ~[netty-all-4.1.33.Final.jar:4.1.33.Final]
	at io.netty.channel.nio.AbstractNioByteChannel$NioByteUnsafe.read(AbstractNioByteChannel.java:148) [netty-all-4.1.33.Final.jar:4.1.33.Final]
	at io.netty.channel.nio.NioEventLoop.processSelectedKey(NioEventLoop.java:677) [netty-all-4.1.33.Final.jar:4.1.33.Final]
	at io.netty.channel.nio.NioEventLoop.processSelectedKeysOptimized(NioEventLoop.java:612) [netty-all-4.1.33.Final.jar:4.1.33.Final]
	at io.netty.channel.nio.NioEventLoop.processSelectedKeys(NioEventLoop.java:529) [netty-all-4.1.33.Final.jar:4.1.33.Final]
	at io.netty.channel.nio.NioEventLoop.run(NioEventLoop.java:491) [netty-all-4.1.33.Final.jar:4.1.33.Final]
	at io.netty.util.concurrent.SingleThreadEventExecutor$5.run(SingleThreadEventExecutor.java:905) [netty-all-4.1.33.Final.jar:4.1.33.Final]
	at io.netty.util.concurrent.FastThreadLocalRunnable.run(FastThreadLocalRunnable.java:30) [netty-all-4.1.33.Final.jar:4.1.33.Final]
	at java.lang.Thread.run(Thread.java:748) [?:1.8.0_282]
18:14:52.333 [redisson-netty-4-6] ERROR org.redisson.client.handler.CommandsQueue - Exception occured. Channel: [id: 0xb0c98a47, L:/127.0.0.1:51224 - R:/127.0.0.1:6379]
java.io.IOException: 远程主机强迫关闭了一个现有的连接。
	at sun.nio.ch.SocketDispatcher.read0(Native Method) ~[?:1.8.0_282]
	at sun.nio.ch.SocketDispatcher.read(SocketDispatcher.java:43) ~[?:1.8.0_282]
	at sun.nio.ch.IOUtil.readIntoNativeBuffer(IOUtil.java:223) ~[?:1.8.0_282]
	at sun.nio.ch.IOUtil.read(IOUtil.java:192) ~[?:1.8.0_282]
	at sun.nio.ch.SocketChannelImpl.read(SocketChannelImpl.java:379) ~[?:1.8.0_282]
	at io.netty.buffer.PooledUnsafeDirectByteBuf.setBytes(PooledUnsafeDirectByteBuf.java:288) ~[netty-all-4.1.33.Final.jar:4.1.33.Final]
	at io.netty.buffer.AbstractByteBuf.writeBytes(AbstractByteBuf.java:1132) ~[netty-all-4.1.33.Final.jar:4.1.33.Final]
	at io.netty.channel.socket.nio.NioSocketChannel.doReadBytes(NioSocketChannel.java:347) ~[netty-all-4.1.33.Final.jar:4.1.33.Final]
	at io.netty.channel.nio.AbstractNioByteChannel$NioByteUnsafe.read(AbstractNioByteChannel.java:148) [netty-all-4.1.33.Final.jar:4.1.33.Final]
	at io.netty.channel.nio.NioEventLoop.processSelectedKey(NioEventLoop.java:677) [netty-all-4.1.33.Final.jar:4.1.33.Final]
	at io.netty.channel.nio.NioEventLoop.processSelectedKeysOptimized(NioEventLoop.java:612) [netty-all-4.1.33.Final.jar:4.1.33.Final]
	at io.netty.channel.nio.NioEventLoop.processSelectedKeys(NioEventLoop.java:529) [netty-all-4.1.33.Final.jar:4.1.33.Final]
	at io.netty.channel.nio.NioEventLoop.run(NioEventLoop.java:491) [netty-all-4.1.33.Final.jar:4.1.33.Final]
	at io.netty.util.concurrent.SingleThreadEventExecutor$5.run(SingleThreadEventExecutor.java:905) [netty-all-4.1.33.Final.jar:4.1.33.Final]
	at io.netty.util.concurrent.FastThreadLocalRunnable.run(FastThreadLocalRunnable.java:30) [netty-all-4.1.33.Final.jar:4.1.33.Final]
	at java.lang.Thread.run(Thread.java:748) [?:1.8.0_282]
18:14:52.434 [redisson-netty-4-9] ERROR org.redisson.client.handler.CommandsQueue - Exception occured. Channel: [id: 0xc6c1bc6a, L:/127.0.0.1:51221 - R:/127.0.0.1:6379]
java.io.IOException: 远程主机强迫关闭了一个现有的连接。
	at sun.nio.ch.SocketDispatcher.read0(Native Method) ~[?:1.8.0_282]
	at sun.nio.ch.SocketDispatcher.read(SocketDispatcher.java:43) ~[?:1.8.0_282]
	at sun.nio.ch.IOUtil.readIntoNativeBuffer(IOUtil.java:223) ~[?:1.8.0_282]
	at sun.nio.ch.IOUtil.read(IOUtil.java:192) ~[?:1.8.0_282]
	at sun.nio.ch.SocketChannelImpl.read(SocketChannelImpl.java:379) ~[?:1.8.0_282]
	at io.netty.buffer.PooledUnsafeDirectByteBuf.setBytes(PooledUnsafeDirectByteBuf.java:288) ~[netty-all-4.1.33.Final.jar:4.1.33.Final]
	at io.netty.buffer.AbstractByteBuf.writeBytes(AbstractByteBuf.java:1132) ~[netty-all-4.1.33.Final.jar:4.1.33.Final]
	at io.netty.channel.socket.nio.NioSocketChannel.doReadBytes(NioSocketChannel.java:347) ~[netty-all-4.1.33.Final.jar:4.1.33.Final]
	at io.netty.channel.nio.AbstractNioByteChannel$NioByteUnsafe.read(AbstractNioByteChannel.java:148) [netty-all-4.1.33.Final.jar:4.1.33.Final]
	at io.netty.channel.nio.NioEventLoop.processSelectedKey(NioEventLoop.java:677) [netty-all-4.1.33.Final.jar:4.1.33.Final]
	at io.netty.channel.nio.NioEventLoop.processSelectedKeysOptimized(NioEventLoop.java:612) [netty-all-4.1.33.Final.jar:4.1.33.Final]
	at io.netty.channel.nio.NioEventLoop.processSelectedKeys(NioEventLoop.java:529) [netty-all-4.1.33.Final.jar:4.1.33.Final]
	at io.netty.channel.nio.NioEventLoop.run(NioEventLoop.java:491) [netty-all-4.1.33.Final.jar:4.1.33.Final]
	at io.netty.util.concurrent.SingleThreadEventExecutor$5.run(SingleThreadEventExecutor.java:905) [netty-all-4.1.33.Final.jar:4.1.33.Final]
	at io.netty.util.concurrent.FastThreadLocalRunnable.run(FastThreadLocalRunnable.java:30) [netty-all-4.1.33.Final.jar:4.1.33.Final]
	at java.lang.Thread.run(Thread.java:748) [?:1.8.0_282]
18:14:52.434 [redisson-netty-4-10] ERROR org.redisson.client.handler.CommandsQueue - Exception occured. Channel: [id: 0x82f796cc, L:/127.0.0.1:51223 - R:/127.0.0.1:6379]
java.io.IOException: 远程主机强迫关闭了一个现有的连接。
	at sun.nio.ch.SocketDispatcher.read0(Native Method) ~[?:1.8.0_282]
	at sun.nio.ch.SocketDispatcher.read(SocketDispatcher.java:43) ~[?:1.8.0_282]
	at sun.nio.ch.IOUtil.readIntoNativeBuffer(IOUtil.java:223) ~[?:1.8.0_282]
	at sun.nio.ch.IOUtil.read(IOUtil.java:192) ~[?:1.8.0_282]
	at sun.nio.ch.SocketChannelImpl.read(SocketChannelImpl.java:379) ~[?:1.8.0_282]
	at io.netty.buffer.PooledUnsafeDirectByteBuf.setBytes(PooledUnsafeDirectByteBuf.java:288) ~[netty-all-4.1.33.Final.jar:4.1.33.Final]
	at io.netty.buffer.AbstractByteBuf.writeBytes(AbstractByteBuf.java:1132) ~[netty-all-4.1.33.Final.jar:4.1.33.Final]
	at io.netty.channel.socket.nio.NioSocketChannel.doReadBytes(NioSocketChannel.java:347) ~[netty-all-4.1.33.Final.jar:4.1.33.Final]
	at io.netty.channel.nio.AbstractNioByteChannel$NioByteUnsafe.read(AbstractNioByteChannel.java:148) [netty-all-4.1.33.Final.jar:4.1.33.Final]
	at io.netty.channel.nio.NioEventLoop.processSelectedKey(NioEventLoop.java:677) [netty-all-4.1.33.Final.jar:4.1.33.Final]
	at io.netty.channel.nio.NioEventLoop.processSelectedKeysOptimized(NioEventLoop.java:612) [netty-all-4.1.33.Final.jar:4.1.33.Final]
	at io.netty.channel.nio.NioEventLoop.processSelectedKeys(NioEventLoop.java:529) [netty-all-4.1.33.Final.jar:4.1.33.Final]
	at io.netty.channel.nio.NioEventLoop.run(NioEventLoop.java:491) [netty-all-4.1.33.Final.jar:4.1.33.Final]
	at io.netty.util.concurrent.SingleThreadEventExecutor$5.run(SingleThreadEventExecutor.java:905) [netty-all-4.1.33.Final.jar:4.1.33.Final]
	at io.netty.util.concurrent.FastThreadLocalRunnable.run(FastThreadLocalRunnable.java:30) [netty-all-4.1.33.Final.jar:4.1.33.Final]
	at java.lang.Thread.run(Thread.java:748) [?:1.8.0_282]
18:14:52.434 [redisson-netty-4-12] ERROR org.redisson.client.handler.CommandsQueue - Exception occured. Channel: [id: 0x7de95b0d, L:/127.0.0.1:51217 - R:/127.0.0.1:6379]
java.io.IOException: 远程主机强迫关闭了一个现有的连接。
	at sun.nio.ch.SocketDispatcher.read0(Native Method) ~[?:1.8.0_282]
	at sun.nio.ch.SocketDispatcher.read(SocketDispatcher.java:43) ~[?:1.8.0_282]
	at sun.nio.ch.IOUtil.readIntoNativeBuffer(IOUtil.java:223) ~[?:1.8.0_282]
	at sun.nio.ch.IOUtil.read(IOUtil.java:192) ~[?:1.8.0_282]
	at sun.nio.ch.SocketChannelImpl.read(SocketChannelImpl.java:379) ~[?:1.8.0_282]
	at io.netty.buffer.PooledUnsafeDirectByteBuf.setBytes(PooledUnsafeDirectByteBuf.java:288) ~[netty-all-4.1.33.Final.jar:4.1.33.Final]
	at io.netty.buffer.AbstractByteBuf.writeBytes(AbstractByteBuf.java:1132) ~[netty-all-4.1.33.Final.jar:4.1.33.Final]
	at io.netty.channel.socket.nio.NioSocketChannel.doReadBytes(NioSocketChannel.java:347) ~[netty-all-4.1.33.Final.jar:4.1.33.Final]
	at io.netty.channel.nio.AbstractNioByteChannel$NioByteUnsafe.read(AbstractNioByteChannel.java:148) [netty-all-4.1.33.Final.jar:4.1.33.Final]
	at io.netty.channel.nio.NioEventLoop.processSelectedKey(NioEventLoop.java:677) [netty-all-4.1.33.Final.jar:4.1.33.Final]
	at io.netty.channel.nio.NioEventLoop.processSelectedKeysOptimized(NioEventLoop.java:612) [netty-all-4.1.33.Final.jar:4.1.33.Final]
	at io.netty.channel.nio.NioEventLoop.processSelectedKeys(NioEventLoop.java:529) [netty-all-4.1.33.Final.jar:4.1.33.Final]
	at io.netty.channel.nio.NioEventLoop.run(NioEventLoop.java:491) [netty-all-4.1.33.Final.jar:4.1.33.Final]
	at io.netty.util.concurrent.SingleThreadEventExecutor$5.run(SingleThreadEventExecutor.java:905) [netty-all-4.1.33.Final.jar:4.1.33.Final]
	at io.netty.util.concurrent.FastThreadLocalRunnable.run(FastThreadLocalRunnable.java:30) [netty-all-4.1.33.Final.jar:4.1.33.Final]
	at java.lang.Thread.run(Thread.java:748) [?:1.8.0_282]
18:14:52.434 [redisson-netty-4-2] ERROR org.redisson.client.handler.CommandsQueue - Exception occured. Channel: [id: 0x28058499, L:/127.0.0.1:51222 - R:/127.0.0.1:6379]
java.io.IOException: 远程主机强迫关闭了一个现有的连接。
	at sun.nio.ch.SocketDispatcher.read0(Native Method) ~[?:1.8.0_282]
	at sun.nio.ch.SocketDispatcher.read(SocketDispatcher.java:43) ~[?:1.8.0_282]
	at sun.nio.ch.IOUtil.readIntoNativeBuffer(IOUtil.java:223) ~[?:1.8.0_282]
	at sun.nio.ch.IOUtil.read(IOUtil.java:192) ~[?:1.8.0_282]
	at sun.nio.ch.SocketChannelImpl.read(SocketChannelImpl.java:379) ~[?:1.8.0_282]
	at io.netty.buffer.PooledUnsafeDirectByteBuf.setBytes(PooledUnsafeDirectByteBuf.java:288) ~[netty-all-4.1.33.Final.jar:4.1.33.Final]
	at io.netty.buffer.AbstractByteBuf.writeBytes(AbstractByteBuf.java:1132) ~[netty-all-4.1.33.Final.jar:4.1.33.Final]
	at io.netty.channel.socket.nio.NioSocketChannel.doReadBytes(NioSocketChannel.java:347) ~[netty-all-4.1.33.Final.jar:4.1.33.Final]
	at io.netty.channel.nio.AbstractNioByteChannel$NioByteUnsafe.read(AbstractNioByteChannel.java:148) [netty-all-4.1.33.Final.jar:4.1.33.Final]
	at io.netty.channel.nio.NioEventLoop.processSelectedKey(NioEventLoop.java:677) [netty-all-4.1.33.Final.jar:4.1.33.Final]
	at io.netty.channel.nio.NioEventLoop.processSelectedKeysOptimized(NioEventLoop.java:612) [netty-all-4.1.33.Final.jar:4.1.33.Final]
	at io.netty.channel.nio.NioEventLoop.processSelectedKeys(NioEventLoop.java:529) [netty-all-4.1.33.Final.jar:4.1.33.Final]
	at io.netty.channel.nio.NioEventLoop.run(NioEventLoop.java:491) [netty-all-4.1.33.Final.jar:4.1.33.Final]
	at io.netty.util.concurrent.SingleThreadEventExecutor$5.run(SingleThreadEventExecutor.java:905) [netty-all-4.1.33.Final.jar:4.1.33.Final]
	at io.netty.util.concurrent.FastThreadLocalRunnable.run(FastThreadLocalRunnable.java:30) [netty-all-4.1.33.Final.jar:4.1.33.Final]
	at java.lang.Thread.run(Thread.java:748) [?:1.8.0_282]
18:14:52.602 [redisson-netty-4-5] ERROR org.redisson.client.handler.CommandsQueue - Exception occured. Channel: [id: 0xa5fb4650, L:/127.0.0.1:51219 - R:/127.0.0.1:6379]
java.io.IOException: 远程主机强迫关闭了一个现有的连接。
	at sun.nio.ch.SocketDispatcher.read0(Native Method) ~[?:1.8.0_282]
	at sun.nio.ch.SocketDispatcher.read(SocketDispatcher.java:43) ~[?:1.8.0_282]
	at sun.nio.ch.IOUtil.readIntoNativeBuffer(IOUtil.java:223) ~[?:1.8.0_282]
	at sun.nio.ch.IOUtil.read(IOUtil.java:192) ~[?:1.8.0_282]
	at sun.nio.ch.SocketChannelImpl.read(SocketChannelImpl.java:379) ~[?:1.8.0_282]
	at io.netty.buffer.PooledUnsafeDirectByteBuf.setBytes(PooledUnsafeDirectByteBuf.java:288) ~[netty-all-4.1.33.Final.jar:4.1.33.Final]
	at io.netty.buffer.AbstractByteBuf.writeBytes(AbstractByteBuf.java:1132) ~[netty-all-4.1.33.Final.jar:4.1.33.Final]
	at io.netty.channel.socket.nio.NioSocketChannel.doReadBytes(NioSocketChannel.java:347) ~[netty-all-4.1.33.Final.jar:4.1.33.Final]
	at io.netty.channel.nio.AbstractNioByteChannel$NioByteUnsafe.read(AbstractNioByteChannel.java:148) [netty-all-4.1.33.Final.jar:4.1.33.Final]
	at io.netty.channel.nio.NioEventLoop.processSelectedKey(NioEventLoop.java:677) [netty-all-4.1.33.Final.jar:4.1.33.Final]
	at io.netty.channel.nio.NioEventLoop.processSelectedKeysOptimized(NioEventLoop.java:612) [netty-all-4.1.33.Final.jar:4.1.33.Final]
	at io.netty.channel.nio.NioEventLoop.processSelectedKeys(NioEventLoop.java:529) [netty-all-4.1.33.Final.jar:4.1.33.Final]
	at io.netty.channel.nio.NioEventLoop.run(NioEventLoop.java:491) [netty-all-4.1.33.Final.jar:4.1.33.Final]
	at io.netty.util.concurrent.SingleThreadEventExecutor$5.run(SingleThreadEventExecutor.java:905) [netty-all-4.1.33.Final.jar:4.1.33.Final]
	at io.netty.util.concurrent.FastThreadLocalRunnable.run(FastThreadLocalRunnable.java:30) [netty-all-4.1.33.Final.jar:4.1.33.Final]
	at java.lang.Thread.run(Thread.java:748) [?:1.8.0_282]
