18:14:58.021 [redisson-netty-4-5] ERROR org.redisson.client.handler.CommandsQueue - Exception occured. Channel: [id: 0xef2988a0, L:/127.0.0.1:52084 - R:/127.0.0.1:6379]
java.io.IOException: 远程主机强迫关闭了一个现有的连接。
	at sun.nio.ch.SocketDispatcher.read0(Native Method) ~[?:1.8.0_282]
	at sun.nio.ch.SocketDispatcher.read(SocketDispatcher.java:43) ~[?:1.8.0_282]
	at sun.nio.ch.IOUtil.readIntoNativeBuffer(IOUtil.java:223) ~[?:1.8.0_282]
	at sun.nio.ch.IOUtil.read(IOUtil.java:192) ~[?:1.8.0_282]
	at sun.nio.ch.SocketChannelImpl.read(SocketChannelImpl.java:379) ~[?:1.8.0_282]
	at io.netty.buffer.PooledUnsafeDirectByteBuf.setBytes(PooledUnsafeDirectByteBuf.java:288) ~[netty-all-4.1.33.Final.jar:4.1.33.Final]
	at io.netty.buffer.AbstractByteBuf.writeBytes(AbstractByteBuf.java:1132) ~[netty-all-4.1.33.Final.jar:4.1.33.Final]
	at io.netty.channel.socket.nio.NioSocketChannel.doReadBytes(NioSocketChannel.java:347) ~[netty-all-4.1.33.Final.jar:4.1.33.Final]
	at io.netty.channel.nio.AbstractNioByteChannel$NioByteUnsafe.read(AbstractNioByteChannel.java:148) [netty-all-4.1.33.Final.jar:4.1.33.Final]
	at io.netty.channel.nio.NioEventLoop.processSelectedKey(NioEventLoop.java:677) [netty-all-4.1.33.Final.jar:4.1.33.Final]
	at io.netty.channel.nio.NioEventLoop.processSelectedKeysOptimized(NioEventLoop.java:612) [netty-all-4.1.33.Final.jar:4.1.33.Final]
	at io.netty.channel.nio.NioEventLoop.processSelectedKeys(NioEventLoop.java:529) [netty-all-4.1.33.Final.jar:4.1.33.Final]
	at io.netty.channel.nio.NioEventLoop.run(NioEventLoop.java:491) [netty-all-4.1.33.Final.jar:4.1.33.Final]
	at io.netty.util.concurrent.SingleThreadEventExecutor$5.run(SingleThreadEventExecutor.java:905) [netty-all-4.1.33.Final.jar:4.1.33.Final]
	at io.netty.util.concurrent.FastThreadLocalRunnable.run(FastThreadLocalRunnable.java:30) [netty-all-4.1.33.Final.jar:4.1.33.Final]
	at java.lang.Thread.run(Thread.java:748) [?:1.8.0_282]
18:14:58.021 [redisson-netty-4-7] ERROR org.redisson.client.handler.CommandsQueue - Exception occured. Channel: [id: 0x1751f70e, L:/127.0.0.1:52085 - R:/127.0.0.1:6379]
java.io.IOException: 远程主机强迫关闭了一个现有的连接。
	at sun.nio.ch.SocketDispatcher.read0(Native Method) ~[?:1.8.0_282]
	at sun.nio.ch.SocketDispatcher.read(SocketDispatcher.java:43) ~[?:1.8.0_282]
	at sun.nio.ch.IOUtil.readIntoNativeBuffer(IOUtil.java:223) ~[?:1.8.0_282]
	at sun.nio.ch.IOUtil.read(IOUtil.java:192) ~[?:1.8.0_282]
	at sun.nio.ch.SocketChannelImpl.read(SocketChannelImpl.java:379) ~[?:1.8.0_282]
	at io.netty.buffer.PooledUnsafeDirectByteBuf.setBytes(PooledUnsafeDirectByteBuf.java:288) ~[netty-all-4.1.33.Final.jar:4.1.33.Final]
	at io.netty.buffer.AbstractByteBuf.writeBytes(AbstractByteBuf.java:1132) ~[netty-all-4.1.33.Final.jar:4.1.33.Final]
	at io.netty.channel.socket.nio.NioSocketChannel.doReadBytes(NioSocketChannel.java:347) ~[netty-all-4.1.33.Final.jar:4.1.33.Final]
	at io.netty.channel.nio.AbstractNioByteChannel$NioByteUnsafe.read(AbstractNioByteChannel.java:148) [netty-all-4.1.33.Final.jar:4.1.33.Final]
	at io.netty.channel.nio.NioEventLoop.processSelectedKey(NioEventLoop.java:677) [netty-all-4.1.33.Final.jar:4.1.33.Final]
	at io.netty.channel.nio.NioEventLoop.processSelectedKeysOptimized(NioEventLoop.java:612) [netty-all-4.1.33.Final.jar:4.1.33.Final]
	at io.netty.channel.nio.NioEventLoop.processSelectedKeys(NioEventLoop.java:529) [netty-all-4.1.33.Final.jar:4.1.33.Final]
	at io.netty.channel.nio.NioEventLoop.run(NioEventLoop.java:491) [netty-all-4.1.33.Final.jar:4.1.33.Final]
	at io.netty.util.concurrent.SingleThreadEventExecutor$5.run(SingleThreadEventExecutor.java:905) [netty-all-4.1.33.Final.jar:4.1.33.Final]
	at io.netty.util.concurrent.FastThreadLocalRunnable.run(FastThreadLocalRunnable.java:30) [netty-all-4.1.33.Final.jar:4.1.33.Final]
	at java.lang.Thread.run(Thread.java:748) [?:1.8.0_282]
18:14:58.021 [redisson-netty-4-12] ERROR org.redisson.client.handler.CommandsQueue - Exception occured. Channel: [id: 0x29bfbab2, L:/127.0.0.1:52078 - R:/127.0.0.1:6379]
java.io.IOException: 远程主机强迫关闭了一个现有的连接。
	at sun.nio.ch.SocketDispatcher.read0(Native Method) ~[?:1.8.0_282]
	at sun.nio.ch.SocketDispatcher.read(SocketDispatcher.java:43) ~[?:1.8.0_282]
	at sun.nio.ch.IOUtil.readIntoNativeBuffer(IOUtil.java:223) ~[?:1.8.0_282]
	at sun.nio.ch.IOUtil.read(IOUtil.java:192) ~[?:1.8.0_282]
	at sun.nio.ch.SocketChannelImpl.read(SocketChannelImpl.java:379) ~[?:1.8.0_282]
	at io.netty.buffer.PooledUnsafeDirectByteBuf.setBytes(PooledUnsafeDirectByteBuf.java:288) ~[netty-all-4.1.33.Final.jar:4.1.33.Final]
	at io.netty.buffer.AbstractByteBuf.writeBytes(AbstractByteBuf.java:1132) ~[netty-all-4.1.33.Final.jar:4.1.33.Final]
	at io.netty.channel.socket.nio.NioSocketChannel.doReadBytes(NioSocketChannel.java:347) ~[netty-all-4.1.33.Final.jar:4.1.33.Final]
	at io.netty.channel.nio.AbstractNioByteChannel$NioByteUnsafe.read(AbstractNioByteChannel.java:148) [netty-all-4.1.33.Final.jar:4.1.33.Final]
	at io.netty.channel.nio.NioEventLoop.processSelectedKey(NioEventLoop.java:677) [netty-all-4.1.33.Final.jar:4.1.33.Final]
	at io.netty.channel.nio.NioEventLoop.processSelectedKeysOptimized(NioEventLoop.java:612) [netty-all-4.1.33.Final.jar:4.1.33.Final]
	at io.netty.channel.nio.NioEventLoop.processSelectedKeys(NioEventLoop.java:529) [netty-all-4.1.33.Final.jar:4.1.33.Final]
	at io.netty.channel.nio.NioEventLoop.run(NioEventLoop.java:491) [netty-all-4.1.33.Final.jar:4.1.33.Final]
	at io.netty.util.concurrent.SingleThreadEventExecutor$5.run(SingleThreadEventExecutor.java:905) [netty-all-4.1.33.Final.jar:4.1.33.Final]
	at io.netty.util.concurrent.FastThreadLocalRunnable.run(FastThreadLocalRunnable.java:30) [netty-all-4.1.33.Final.jar:4.1.33.Final]
	at java.lang.Thread.run(Thread.java:748) [?:1.8.0_282]
18:14:58.347 [redisson-netty-4-6] ERROR org.redisson.client.handler.CommandsQueue - Exception occured. Channel: [id: 0x09e899fa, L:/127.0.0.1:52082 - R:/127.0.0.1:6379]
java.io.IOException: 远程主机强迫关闭了一个现有的连接。
	at sun.nio.ch.SocketDispatcher.read0(Native Method) ~[?:1.8.0_282]
	at sun.nio.ch.SocketDispatcher.read(SocketDispatcher.java:43) ~[?:1.8.0_282]
	at sun.nio.ch.IOUtil.readIntoNativeBuffer(IOUtil.java:223) ~[?:1.8.0_282]
	at sun.nio.ch.IOUtil.read(IOUtil.java:192) ~[?:1.8.0_282]
	at sun.nio.ch.SocketChannelImpl.read(SocketChannelImpl.java:379) ~[?:1.8.0_282]
	at io.netty.buffer.PooledUnsafeDirectByteBuf.setBytes(PooledUnsafeDirectByteBuf.java:288) ~[netty-all-4.1.33.Final.jar:4.1.33.Final]
	at io.netty.buffer.AbstractByteBuf.writeBytes(AbstractByteBuf.java:1132) ~[netty-all-4.1.33.Final.jar:4.1.33.Final]
	at io.netty.channel.socket.nio.NioSocketChannel.doReadBytes(NioSocketChannel.java:347) ~[netty-all-4.1.33.Final.jar:4.1.33.Final]
	at io.netty.channel.nio.AbstractNioByteChannel$NioByteUnsafe.read(AbstractNioByteChannel.java:148) [netty-all-4.1.33.Final.jar:4.1.33.Final]
	at io.netty.channel.nio.NioEventLoop.processSelectedKey(NioEventLoop.java:677) [netty-all-4.1.33.Final.jar:4.1.33.Final]
	at io.netty.channel.nio.NioEventLoop.processSelectedKeysOptimized(NioEventLoop.java:612) [netty-all-4.1.33.Final.jar:4.1.33.Final]
	at io.netty.channel.nio.NioEventLoop.processSelectedKeys(NioEventLoop.java:529) [netty-all-4.1.33.Final.jar:4.1.33.Final]
	at io.netty.channel.nio.NioEventLoop.run(NioEventLoop.java:491) [netty-all-4.1.33.Final.jar:4.1.33.Final]
	at io.netty.util.concurrent.SingleThreadEventExecutor$5.run(SingleThreadEventExecutor.java:905) [netty-all-4.1.33.Final.jar:4.1.33.Final]
	at io.netty.util.concurrent.FastThreadLocalRunnable.run(FastThreadLocalRunnable.java:30) [netty-all-4.1.33.Final.jar:4.1.33.Final]
	at java.lang.Thread.run(Thread.java:748) [?:1.8.0_282]
18:14:58.347 [redisson-netty-4-9] ERROR org.redisson.client.handler.CommandsQueue - Exception occured. Channel: [id: 0x8f3c35e3, L:/127.0.0.1:52083 - R:/127.0.0.1:6379]
java.io.IOException: 远程主机强迫关闭了一个现有的连接。
	at sun.nio.ch.SocketDispatcher.read0(Native Method) ~[?:1.8.0_282]
	at sun.nio.ch.SocketDispatcher.read(SocketDispatcher.java:43) ~[?:1.8.0_282]
	at sun.nio.ch.IOUtil.readIntoNativeBuffer(IOUtil.java:223) ~[?:1.8.0_282]
	at sun.nio.ch.IOUtil.read(IOUtil.java:192) ~[?:1.8.0_282]
	at sun.nio.ch.SocketChannelImpl.read(SocketChannelImpl.java:379) ~[?:1.8.0_282]
	at io.netty.buffer.PooledUnsafeDirectByteBuf.setBytes(PooledUnsafeDirectByteBuf.java:288) ~[netty-all-4.1.33.Final.jar:4.1.33.Final]
	at io.netty.buffer.AbstractByteBuf.writeBytes(AbstractByteBuf.java:1132) ~[netty-all-4.1.33.Final.jar:4.1.33.Final]
	at io.netty.channel.socket.nio.NioSocketChannel.doReadBytes(NioSocketChannel.java:347) ~[netty-all-4.1.33.Final.jar:4.1.33.Final]
	at io.netty.channel.nio.AbstractNioByteChannel$NioByteUnsafe.read(AbstractNioByteChannel.java:148) [netty-all-4.1.33.Final.jar:4.1.33.Final]
	at io.netty.channel.nio.NioEventLoop.processSelectedKey(NioEventLoop.java:677) [netty-all-4.1.33.Final.jar:4.1.33.Final]
	at io.netty.channel.nio.NioEventLoop.processSelectedKeysOptimized(NioEventLoop.java:612) [netty-all-4.1.33.Final.jar:4.1.33.Final]
	at io.netty.channel.nio.NioEventLoop.processSelectedKeys(NioEventLoop.java:529) [netty-all-4.1.33.Final.jar:4.1.33.Final]
	at io.netty.channel.nio.NioEventLoop.run(NioEventLoop.java:491) [netty-all-4.1.33.Final.jar:4.1.33.Final]
	at io.netty.util.concurrent.SingleThreadEventExecutor$5.run(SingleThreadEventExecutor.java:905) [netty-all-4.1.33.Final.jar:4.1.33.Final]
	at io.netty.util.concurrent.FastThreadLocalRunnable.run(FastThreadLocalRunnable.java:30) [netty-all-4.1.33.Final.jar:4.1.33.Final]
	at java.lang.Thread.run(Thread.java:748) [?:1.8.0_282]
18:14:58.455 [redisson-netty-4-3] ERROR org.redisson.client.handler.CommandsQueue - Exception occured. Channel: [id: 0xae4f0293, L:/127.0.0.1:52080 - R:/127.0.0.1:6379]
java.io.IOException: 远程主机强迫关闭了一个现有的连接。
	at sun.nio.ch.SocketDispatcher.read0(Native Method) ~[?:1.8.0_282]
	at sun.nio.ch.SocketDispatcher.read(SocketDispatcher.java:43) ~[?:1.8.0_282]
	at sun.nio.ch.IOUtil.readIntoNativeBuffer(IOUtil.java:223) ~[?:1.8.0_282]
	at sun.nio.ch.IOUtil.read(IOUtil.java:192) ~[?:1.8.0_282]
	at sun.nio.ch.SocketChannelImpl.read(SocketChannelImpl.java:379) ~[?:1.8.0_282]
	at io.netty.buffer.PooledUnsafeDirectByteBuf.setBytes(PooledUnsafeDirectByteBuf.java:288) ~[netty-all-4.1.33.Final.jar:4.1.33.Final]
	at io.netty.buffer.AbstractByteBuf.writeBytes(AbstractByteBuf.java:1132) ~[netty-all-4.1.33.Final.jar:4.1.33.Final]
	at io.netty.channel.socket.nio.NioSocketChannel.doReadBytes(NioSocketChannel.java:347) ~[netty-all-4.1.33.Final.jar:4.1.33.Final]
	at io.netty.channel.nio.AbstractNioByteChannel$NioByteUnsafe.read(AbstractNioByteChannel.java:148) [netty-all-4.1.33.Final.jar:4.1.33.Final]
	at io.netty.channel.nio.NioEventLoop.processSelectedKey(NioEventLoop.java:677) [netty-all-4.1.33.Final.jar:4.1.33.Final]
	at io.netty.channel.nio.NioEventLoop.processSelectedKeysOptimized(NioEventLoop.java:612) [netty-all-4.1.33.Final.jar:4.1.33.Final]
	at io.netty.channel.nio.NioEventLoop.processSelectedKeys(NioEventLoop.java:529) [netty-all-4.1.33.Final.jar:4.1.33.Final]
	at io.netty.channel.nio.NioEventLoop.run(NioEventLoop.java:491) [netty-all-4.1.33.Final.jar:4.1.33.Final]
	at io.netty.util.concurrent.SingleThreadEventExecutor$5.run(SingleThreadEventExecutor.java:905) [netty-all-4.1.33.Final.jar:4.1.33.Final]
	at io.netty.util.concurrent.FastThreadLocalRunnable.run(FastThreadLocalRunnable.java:30) [netty-all-4.1.33.Final.jar:4.1.33.Final]
	at java.lang.Thread.run(Thread.java:748) [?:1.8.0_282]
18:14:58.455 [redisson-netty-4-11] ERROR org.redisson.client.handler.CommandsQueue - Exception occured. Channel: [id: 0xd8258769, L:/127.0.0.1:52081 - R:/127.0.0.1:6379]
java.io.IOException: 远程主机强迫关闭了一个现有的连接。
	at sun.nio.ch.SocketDispatcher.read0(Native Method) ~[?:1.8.0_282]
	at sun.nio.ch.SocketDispatcher.read(SocketDispatcher.java:43) ~[?:1.8.0_282]
	at sun.nio.ch.IOUtil.readIntoNativeBuffer(IOUtil.java:223) ~[?:1.8.0_282]
	at sun.nio.ch.IOUtil.read(IOUtil.java:192) ~[?:1.8.0_282]
	at sun.nio.ch.SocketChannelImpl.read(SocketChannelImpl.java:379) ~[?:1.8.0_282]
	at io.netty.buffer.PooledUnsafeDirectByteBuf.setBytes(PooledUnsafeDirectByteBuf.java:288) ~[netty-all-4.1.33.Final.jar:4.1.33.Final]
	at io.netty.buffer.AbstractByteBuf.writeBytes(AbstractByteBuf.java:1132) ~[netty-all-4.1.33.Final.jar:4.1.33.Final]
	at io.netty.channel.socket.nio.NioSocketChannel.doReadBytes(NioSocketChannel.java:347) ~[netty-all-4.1.33.Final.jar:4.1.33.Final]
	at io.netty.channel.nio.AbstractNioByteChannel$NioByteUnsafe.read(AbstractNioByteChannel.java:148) [netty-all-4.1.33.Final.jar:4.1.33.Final]
	at io.netty.channel.nio.NioEventLoop.processSelectedKey(NioEventLoop.java:677) [netty-all-4.1.33.Final.jar:4.1.33.Final]
	at io.netty.channel.nio.NioEventLoop.processSelectedKeysOptimized(NioEventLoop.java:612) [netty-all-4.1.33.Final.jar:4.1.33.Final]
	at io.netty.channel.nio.NioEventLoop.processSelectedKeys(NioEventLoop.java:529) [netty-all-4.1.33.Final.jar:4.1.33.Final]
	at io.netty.channel.nio.NioEventLoop.run(NioEventLoop.java:491) [netty-all-4.1.33.Final.jar:4.1.33.Final]
	at io.netty.util.concurrent.SingleThreadEventExecutor$5.run(SingleThreadEventExecutor.java:905) [netty-all-4.1.33.Final.jar:4.1.33.Final]
	at io.netty.util.concurrent.FastThreadLocalRunnable.run(FastThreadLocalRunnable.java:30) [netty-all-4.1.33.Final.jar:4.1.33.Final]
	at java.lang.Thread.run(Thread.java:748) [?:1.8.0_282]
18:14:58.455 [redisson-netty-4-2] ERROR org.redisson.client.handler.CommandsQueue - Exception occured. Channel: [id: 0xece6a347, L:/127.0.0.1:52079 - R:/127.0.0.1:6379]
java.io.IOException: 远程主机强迫关闭了一个现有的连接。
	at sun.nio.ch.SocketDispatcher.read0(Native Method) ~[?:1.8.0_282]
	at sun.nio.ch.SocketDispatcher.read(SocketDispatcher.java:43) ~[?:1.8.0_282]
	at sun.nio.ch.IOUtil.readIntoNativeBuffer(IOUtil.java:223) ~[?:1.8.0_282]
	at sun.nio.ch.IOUtil.read(IOUtil.java:192) ~[?:1.8.0_282]
	at sun.nio.ch.SocketChannelImpl.read(SocketChannelImpl.java:379) ~[?:1.8.0_282]
	at io.netty.buffer.PooledUnsafeDirectByteBuf.setBytes(PooledUnsafeDirectByteBuf.java:288) ~[netty-all-4.1.33.Final.jar:4.1.33.Final]
	at io.netty.buffer.AbstractByteBuf.writeBytes(AbstractByteBuf.java:1132) ~[netty-all-4.1.33.Final.jar:4.1.33.Final]
	at io.netty.channel.socket.nio.NioSocketChannel.doReadBytes(NioSocketChannel.java:347) ~[netty-all-4.1.33.Final.jar:4.1.33.Final]
	at io.netty.channel.nio.AbstractNioByteChannel$NioByteUnsafe.read(AbstractNioByteChannel.java:148) [netty-all-4.1.33.Final.jar:4.1.33.Final]
	at io.netty.channel.nio.NioEventLoop.processSelectedKey(NioEventLoop.java:677) [netty-all-4.1.33.Final.jar:4.1.33.Final]
	at io.netty.channel.nio.NioEventLoop.processSelectedKeysOptimized(NioEventLoop.java:612) [netty-all-4.1.33.Final.jar:4.1.33.Final]
	at io.netty.channel.nio.NioEventLoop.processSelectedKeys(NioEventLoop.java:529) [netty-all-4.1.33.Final.jar:4.1.33.Final]
	at io.netty.channel.nio.NioEventLoop.run(NioEventLoop.java:491) [netty-all-4.1.33.Final.jar:4.1.33.Final]
	at io.netty.util.concurrent.SingleThreadEventExecutor$5.run(SingleThreadEventExecutor.java:905) [netty-all-4.1.33.Final.jar:4.1.33.Final]
	at io.netty.util.concurrent.FastThreadLocalRunnable.run(FastThreadLocalRunnable.java:30) [netty-all-4.1.33.Final.jar:4.1.33.Final]
	at java.lang.Thread.run(Thread.java:748) [?:1.8.0_282]
18:14:58.564 [redisson-netty-4-10] ERROR org.redisson.client.handler.CommandsQueue - Exception occured. Channel: [id: 0xc2df3d26, L:/127.0.0.1:52077 - R:/127.0.0.1:6379]
java.io.IOException: 远程主机强迫关闭了一个现有的连接。
	at sun.nio.ch.SocketDispatcher.read0(Native Method) ~[?:1.8.0_282]
	at sun.nio.ch.SocketDispatcher.read(SocketDispatcher.java:43) ~[?:1.8.0_282]
	at sun.nio.ch.IOUtil.readIntoNativeBuffer(IOUtil.java:223) ~[?:1.8.0_282]
	at sun.nio.ch.IOUtil.read(IOUtil.java:192) ~[?:1.8.0_282]
	at sun.nio.ch.SocketChannelImpl.read(SocketChannelImpl.java:379) ~[?:1.8.0_282]
	at io.netty.buffer.PooledUnsafeDirectByteBuf.setBytes(PooledUnsafeDirectByteBuf.java:288) ~[netty-all-4.1.33.Final.jar:4.1.33.Final]
	at io.netty.buffer.AbstractByteBuf.writeBytes(AbstractByteBuf.java:1132) ~[netty-all-4.1.33.Final.jar:4.1.33.Final]
	at io.netty.channel.socket.nio.NioSocketChannel.doReadBytes(NioSocketChannel.java:347) ~[netty-all-4.1.33.Final.jar:4.1.33.Final]
	at io.netty.channel.nio.AbstractNioByteChannel$NioByteUnsafe.read(AbstractNioByteChannel.java:148) [netty-all-4.1.33.Final.jar:4.1.33.Final]
	at io.netty.channel.nio.NioEventLoop.processSelectedKey(NioEventLoop.java:677) [netty-all-4.1.33.Final.jar:4.1.33.Final]
	at io.netty.channel.nio.NioEventLoop.processSelectedKeysOptimized(NioEventLoop.java:612) [netty-all-4.1.33.Final.jar:4.1.33.Final]
	at io.netty.channel.nio.NioEventLoop.processSelectedKeys(NioEventLoop.java:529) [netty-all-4.1.33.Final.jar:4.1.33.Final]
	at io.netty.channel.nio.NioEventLoop.run(NioEventLoop.java:491) [netty-all-4.1.33.Final.jar:4.1.33.Final]
	at io.netty.util.concurrent.SingleThreadEventExecutor$5.run(SingleThreadEventExecutor.java:905) [netty-all-4.1.33.Final.jar:4.1.33.Final]
	at io.netty.util.concurrent.FastThreadLocalRunnable.run(FastThreadLocalRunnable.java:30) [netty-all-4.1.33.Final.jar:4.1.33.Final]
	at java.lang.Thread.run(Thread.java:748) [?:1.8.0_282]
18:14:58.564 [redisson-netty-4-4] ERROR org.redisson.client.handler.CommandsQueue - Exception occured. Channel: [id: 0xf9c5268a, L:/127.0.0.1:52076 - R:/127.0.0.1:6379]
java.io.IOException: 远程主机强迫关闭了一个现有的连接。
	at sun.nio.ch.SocketDispatcher.read0(Native Method) ~[?:1.8.0_282]
	at sun.nio.ch.SocketDispatcher.read(SocketDispatcher.java:43) ~[?:1.8.0_282]
	at sun.nio.ch.IOUtil.readIntoNativeBuffer(IOUtil.java:223) ~[?:1.8.0_282]
	at sun.nio.ch.IOUtil.read(IOUtil.java:192) ~[?:1.8.0_282]
	at sun.nio.ch.SocketChannelImpl.read(SocketChannelImpl.java:379) ~[?:1.8.0_282]
	at io.netty.buffer.PooledUnsafeDirectByteBuf.setBytes(PooledUnsafeDirectByteBuf.java:288) ~[netty-all-4.1.33.Final.jar:4.1.33.Final]
	at io.netty.buffer.AbstractByteBuf.writeBytes(AbstractByteBuf.java:1132) ~[netty-all-4.1.33.Final.jar:4.1.33.Final]
	at io.netty.channel.socket.nio.NioSocketChannel.doReadBytes(NioSocketChannel.java:347) ~[netty-all-4.1.33.Final.jar:4.1.33.Final]
	at io.netty.channel.nio.AbstractNioByteChannel$NioByteUnsafe.read(AbstractNioByteChannel.java:148) [netty-all-4.1.33.Final.jar:4.1.33.Final]
	at io.netty.channel.nio.NioEventLoop.processSelectedKey(NioEventLoop.java:677) [netty-all-4.1.33.Final.jar:4.1.33.Final]
	at io.netty.channel.nio.NioEventLoop.processSelectedKeysOptimized(NioEventLoop.java:612) [netty-all-4.1.33.Final.jar:4.1.33.Final]
	at io.netty.channel.nio.NioEventLoop.processSelectedKeys(NioEventLoop.java:529) [netty-all-4.1.33.Final.jar:4.1.33.Final]
	at io.netty.channel.nio.NioEventLoop.run(NioEventLoop.java:491) [netty-all-4.1.33.Final.jar:4.1.33.Final]
	at io.netty.util.concurrent.SingleThreadEventExecutor$5.run(SingleThreadEventExecutor.java:905) [netty-all-4.1.33.Final.jar:4.1.33.Final]
	at io.netty.util.concurrent.FastThreadLocalRunnable.run(FastThreadLocalRunnable.java:30) [netty-all-4.1.33.Final.jar:4.1.33.Final]
	at java.lang.Thread.run(Thread.java:748) [?:1.8.0_282]
18:14:58.673 [redisson-netty-4-8] ERROR org.redisson.client.handler.CommandsQueue - Exception occured. Channel: [id: 0x8e528c44, L:/127.0.0.1:52075 - R:/127.0.0.1:6379]
java.io.IOException: 远程主机强迫关闭了一个现有的连接。
	at sun.nio.ch.SocketDispatcher.read0(Native Method) ~[?:1.8.0_282]
	at sun.nio.ch.SocketDispatcher.read(SocketDispatcher.java:43) ~[?:1.8.0_282]
	at sun.nio.ch.IOUtil.readIntoNativeBuffer(IOUtil.java:223) ~[?:1.8.0_282]
	at sun.nio.ch.IOUtil.read(IOUtil.java:192) ~[?:1.8.0_282]
	at sun.nio.ch.SocketChannelImpl.read(SocketChannelImpl.java:379) ~[?:1.8.0_282]
	at io.netty.buffer.PooledUnsafeDirectByteBuf.setBytes(PooledUnsafeDirectByteBuf.java:288) ~[netty-all-4.1.33.Final.jar:4.1.33.Final]
	at io.netty.buffer.AbstractByteBuf.writeBytes(AbstractByteBuf.java:1132) ~[netty-all-4.1.33.Final.jar:4.1.33.Final]
	at io.netty.channel.socket.nio.NioSocketChannel.doReadBytes(NioSocketChannel.java:347) ~[netty-all-4.1.33.Final.jar:4.1.33.Final]
	at io.netty.channel.nio.AbstractNioByteChannel$NioByteUnsafe.read(AbstractNioByteChannel.java:148) [netty-all-4.1.33.Final.jar:4.1.33.Final]
	at io.netty.channel.nio.NioEventLoop.processSelectedKey(NioEventLoop.java:677) [netty-all-4.1.33.Final.jar:4.1.33.Final]
	at io.netty.channel.nio.NioEventLoop.processSelectedKeysOptimized(NioEventLoop.java:612) [netty-all-4.1.33.Final.jar:4.1.33.Final]
	at io.netty.channel.nio.NioEventLoop.processSelectedKeys(NioEventLoop.java:529) [netty-all-4.1.33.Final.jar:4.1.33.Final]
	at io.netty.channel.nio.NioEventLoop.run(NioEventLoop.java:491) [netty-all-4.1.33.Final.jar:4.1.33.Final]
	at io.netty.util.concurrent.SingleThreadEventExecutor$5.run(SingleThreadEventExecutor.java:905) [netty-all-4.1.33.Final.jar:4.1.33.Final]
	at io.netty.util.concurrent.FastThreadLocalRunnable.run(FastThreadLocalRunnable.java:30) [netty-all-4.1.33.Final.jar:4.1.33.Final]
	at java.lang.Thread.run(Thread.java:748) [?:1.8.0_282]
