16:52:04.151 [redisson-netty-4-4] ERROR org.redisson.client.handler.CommandsQueue - Exception occured. Channel: [id: 0x8ee4968d, L:/127.0.0.1:53856 - R:/127.0.0.1:6379]
java.io.IOException: 远程主机强迫关闭了一个现有的连接。
	at sun.nio.ch.SocketDispatcher.read0(Native Method) ~[?:1.8.0_282]
	at sun.nio.ch.SocketDispatcher.read(SocketDispatcher.java:43) ~[?:1.8.0_282]
	at sun.nio.ch.IOUtil.readIntoNativeBuffer(IOUtil.java:223) ~[?:1.8.0_282]
	at sun.nio.ch.IOUtil.read(IOUtil.java:192) ~[?:1.8.0_282]
	at sun.nio.ch.SocketChannelImpl.read(SocketChannelImpl.java:379) ~[?:1.8.0_282]
	at io.netty.buffer.PooledUnsafeDirectByteBuf.setBytes(PooledUnsafeDirectByteBuf.java:288) ~[netty-all-4.1.33.Final.jar:4.1.33.Final]
	at io.netty.buffer.AbstractByteBuf.writeBytes(AbstractByteBuf.java:1132) ~[netty-all-4.1.33.Final.jar:4.1.33.Final]
	at io.netty.channel.socket.nio.NioSocketChannel.doReadBytes(NioSocketChannel.java:347) ~[netty-all-4.1.33.Final.jar:4.1.33.Final]
	at io.netty.channel.nio.AbstractNioByteChannel$NioByteUnsafe.read(AbstractNioByteChannel.java:148) [netty-all-4.1.33.Final.jar:4.1.33.Final]
	at io.netty.channel.nio.NioEventLoop.processSelectedKey(NioEventLoop.java:677) [netty-all-4.1.33.Final.jar:4.1.33.Final]
	at io.netty.channel.nio.NioEventLoop.processSelectedKeysOptimized(NioEventLoop.java:612) [netty-all-4.1.33.Final.jar:4.1.33.Final]
	at io.netty.channel.nio.NioEventLoop.processSelectedKeys(NioEventLoop.java:529) [netty-all-4.1.33.Final.jar:4.1.33.Final]
	at io.netty.channel.nio.NioEventLoop.run(NioEventLoop.java:491) [netty-all-4.1.33.Final.jar:4.1.33.Final]
	at io.netty.util.concurrent.SingleThreadEventExecutor$5.run(SingleThreadEventExecutor.java:905) [netty-all-4.1.33.Final.jar:4.1.33.Final]
	at io.netty.util.concurrent.FastThreadLocalRunnable.run(FastThreadLocalRunnable.java:30) [netty-all-4.1.33.Final.jar:4.1.33.Final]
	at java.lang.Thread.run(Thread.java:748) [?:1.8.0_282]
16:52:04.151 [redisson-netty-4-7] ERROR org.redisson.client.handler.CommandsQueue - Exception occured. Channel: [id: 0x977ed004, L:/127.0.0.1:53853 - R:/127.0.0.1:6379]
java.io.IOException: 远程主机强迫关闭了一个现有的连接。
	at sun.nio.ch.SocketDispatcher.read0(Native Method) ~[?:1.8.0_282]
	at sun.nio.ch.SocketDispatcher.read(SocketDispatcher.java:43) ~[?:1.8.0_282]
	at sun.nio.ch.IOUtil.readIntoNativeBuffer(IOUtil.java:223) ~[?:1.8.0_282]
	at sun.nio.ch.IOUtil.read(IOUtil.java:192) ~[?:1.8.0_282]
	at sun.nio.ch.SocketChannelImpl.read(SocketChannelImpl.java:379) ~[?:1.8.0_282]
	at io.netty.buffer.PooledUnsafeDirectByteBuf.setBytes(PooledUnsafeDirectByteBuf.java:288) ~[netty-all-4.1.33.Final.jar:4.1.33.Final]
	at io.netty.buffer.AbstractByteBuf.writeBytes(AbstractByteBuf.java:1132) ~[netty-all-4.1.33.Final.jar:4.1.33.Final]
	at io.netty.channel.socket.nio.NioSocketChannel.doReadBytes(NioSocketChannel.java:347) ~[netty-all-4.1.33.Final.jar:4.1.33.Final]
	at io.netty.channel.nio.AbstractNioByteChannel$NioByteUnsafe.read(AbstractNioByteChannel.java:148) [netty-all-4.1.33.Final.jar:4.1.33.Final]
	at io.netty.channel.nio.NioEventLoop.processSelectedKey(NioEventLoop.java:677) [netty-all-4.1.33.Final.jar:4.1.33.Final]
	at io.netty.channel.nio.NioEventLoop.processSelectedKeysOptimized(NioEventLoop.java:612) [netty-all-4.1.33.Final.jar:4.1.33.Final]
	at io.netty.channel.nio.NioEventLoop.processSelectedKeys(NioEventLoop.java:529) [netty-all-4.1.33.Final.jar:4.1.33.Final]
	at io.netty.channel.nio.NioEventLoop.run(NioEventLoop.java:491) [netty-all-4.1.33.Final.jar:4.1.33.Final]
	at io.netty.util.concurrent.SingleThreadEventExecutor$5.run(SingleThreadEventExecutor.java:905) [netty-all-4.1.33.Final.jar:4.1.33.Final]
	at io.netty.util.concurrent.FastThreadLocalRunnable.run(FastThreadLocalRunnable.java:30) [netty-all-4.1.33.Final.jar:4.1.33.Final]
	at java.lang.Thread.run(Thread.java:748) [?:1.8.0_282]
16:52:04.151 [redisson-netty-4-8] ERROR org.redisson.client.handler.CommandsQueue - Exception occured. Channel: [id: 0x521e684f, L:/127.0.0.1:53851 - R:/127.0.0.1:6379]
java.io.IOException: 远程主机强迫关闭了一个现有的连接。
	at sun.nio.ch.SocketDispatcher.read0(Native Method) ~[?:1.8.0_282]
	at sun.nio.ch.SocketDispatcher.read(SocketDispatcher.java:43) ~[?:1.8.0_282]
	at sun.nio.ch.IOUtil.readIntoNativeBuffer(IOUtil.java:223) ~[?:1.8.0_282]
	at sun.nio.ch.IOUtil.read(IOUtil.java:192) ~[?:1.8.0_282]
	at sun.nio.ch.SocketChannelImpl.read(SocketChannelImpl.java:379) ~[?:1.8.0_282]
	at io.netty.buffer.PooledUnsafeDirectByteBuf.setBytes(PooledUnsafeDirectByteBuf.java:288) ~[netty-all-4.1.33.Final.jar:4.1.33.Final]
	at io.netty.buffer.AbstractByteBuf.writeBytes(AbstractByteBuf.java:1132) ~[netty-all-4.1.33.Final.jar:4.1.33.Final]
	at io.netty.channel.socket.nio.NioSocketChannel.doReadBytes(NioSocketChannel.java:347) ~[netty-all-4.1.33.Final.jar:4.1.33.Final]
	at io.netty.channel.nio.AbstractNioByteChannel$NioByteUnsafe.read(AbstractNioByteChannel.java:148) [netty-all-4.1.33.Final.jar:4.1.33.Final]
	at io.netty.channel.nio.NioEventLoop.processSelectedKey(NioEventLoop.java:677) [netty-all-4.1.33.Final.jar:4.1.33.Final]
	at io.netty.channel.nio.NioEventLoop.processSelectedKeysOptimized(NioEventLoop.java:612) [netty-all-4.1.33.Final.jar:4.1.33.Final]
	at io.netty.channel.nio.NioEventLoop.processSelectedKeys(NioEventLoop.java:529) [netty-all-4.1.33.Final.jar:4.1.33.Final]
	at io.netty.channel.nio.NioEventLoop.run(NioEventLoop.java:491) [netty-all-4.1.33.Final.jar:4.1.33.Final]
	at io.netty.util.concurrent.SingleThreadEventExecutor$5.run(SingleThreadEventExecutor.java:905) [netty-all-4.1.33.Final.jar:4.1.33.Final]
	at io.netty.util.concurrent.FastThreadLocalRunnable.run(FastThreadLocalRunnable.java:30) [netty-all-4.1.33.Final.jar:4.1.33.Final]
	at java.lang.Thread.run(Thread.java:748) [?:1.8.0_282]
16:52:04.151 [redisson-netty-4-2] ERROR org.redisson.client.handler.CommandsQueue - Exception occured. Channel: [id: 0x1d1150f7, L:/127.0.0.1:53857 - R:/127.0.0.1:6379]
java.io.IOException: 远程主机强迫关闭了一个现有的连接。
	at sun.nio.ch.SocketDispatcher.read0(Native Method) ~[?:1.8.0_282]
	at sun.nio.ch.SocketDispatcher.read(SocketDispatcher.java:43) ~[?:1.8.0_282]
	at sun.nio.ch.IOUtil.readIntoNativeBuffer(IOUtil.java:223) ~[?:1.8.0_282]
	at sun.nio.ch.IOUtil.read(IOUtil.java:192) ~[?:1.8.0_282]
	at sun.nio.ch.SocketChannelImpl.read(SocketChannelImpl.java:379) ~[?:1.8.0_282]
	at io.netty.buffer.PooledUnsafeDirectByteBuf.setBytes(PooledUnsafeDirectByteBuf.java:288) ~[netty-all-4.1.33.Final.jar:4.1.33.Final]
	at io.netty.buffer.AbstractByteBuf.writeBytes(AbstractByteBuf.java:1132) ~[netty-all-4.1.33.Final.jar:4.1.33.Final]
	at io.netty.channel.socket.nio.NioSocketChannel.doReadBytes(NioSocketChannel.java:347) ~[netty-all-4.1.33.Final.jar:4.1.33.Final]
	at io.netty.channel.nio.AbstractNioByteChannel$NioByteUnsafe.read(AbstractNioByteChannel.java:148) [netty-all-4.1.33.Final.jar:4.1.33.Final]
	at io.netty.channel.nio.NioEventLoop.processSelectedKey(NioEventLoop.java:677) [netty-all-4.1.33.Final.jar:4.1.33.Final]
	at io.netty.channel.nio.NioEventLoop.processSelectedKeysOptimized(NioEventLoop.java:612) [netty-all-4.1.33.Final.jar:4.1.33.Final]
	at io.netty.channel.nio.NioEventLoop.processSelectedKeys(NioEventLoop.java:529) [netty-all-4.1.33.Final.jar:4.1.33.Final]
	at io.netty.channel.nio.NioEventLoop.run(NioEventLoop.java:491) [netty-all-4.1.33.Final.jar:4.1.33.Final]
	at io.netty.util.concurrent.SingleThreadEventExecutor$5.run(SingleThreadEventExecutor.java:905) [netty-all-4.1.33.Final.jar:4.1.33.Final]
	at io.netty.util.concurrent.FastThreadLocalRunnable.run(FastThreadLocalRunnable.java:30) [netty-all-4.1.33.Final.jar:4.1.33.Final]
	at java.lang.Thread.run(Thread.java:748) [?:1.8.0_282]
16:52:04.151 [redisson-netty-4-11] ERROR org.redisson.client.handler.CommandsQueue - Exception occured. Channel: [id: 0x614ee09f, L:/127.0.0.1:53854 - R:/127.0.0.1:6379]
java.io.IOException: 远程主机强迫关闭了一个现有的连接。
	at sun.nio.ch.SocketDispatcher.read0(Native Method) ~[?:1.8.0_282]
	at sun.nio.ch.SocketDispatcher.read(SocketDispatcher.java:43) ~[?:1.8.0_282]
	at sun.nio.ch.IOUtil.readIntoNativeBuffer(IOUtil.java:223) ~[?:1.8.0_282]
	at sun.nio.ch.IOUtil.read(IOUtil.java:192) ~[?:1.8.0_282]
	at sun.nio.ch.SocketChannelImpl.read(SocketChannelImpl.java:379) ~[?:1.8.0_282]
	at io.netty.buffer.PooledUnsafeDirectByteBuf.setBytes(PooledUnsafeDirectByteBuf.java:288) ~[netty-all-4.1.33.Final.jar:4.1.33.Final]
	at io.netty.buffer.AbstractByteBuf.writeBytes(AbstractByteBuf.java:1132) ~[netty-all-4.1.33.Final.jar:4.1.33.Final]
	at io.netty.channel.socket.nio.NioSocketChannel.doReadBytes(NioSocketChannel.java:347) ~[netty-all-4.1.33.Final.jar:4.1.33.Final]
	at io.netty.channel.nio.AbstractNioByteChannel$NioByteUnsafe.read(AbstractNioByteChannel.java:148) [netty-all-4.1.33.Final.jar:4.1.33.Final]
	at io.netty.channel.nio.NioEventLoop.processSelectedKey(NioEventLoop.java:677) [netty-all-4.1.33.Final.jar:4.1.33.Final]
	at io.netty.channel.nio.NioEventLoop.processSelectedKeysOptimized(NioEventLoop.java:612) [netty-all-4.1.33.Final.jar:4.1.33.Final]
	at io.netty.channel.nio.NioEventLoop.processSelectedKeys(NioEventLoop.java:529) [netty-all-4.1.33.Final.jar:4.1.33.Final]
	at io.netty.channel.nio.NioEventLoop.run(NioEventLoop.java:491) [netty-all-4.1.33.Final.jar:4.1.33.Final]
	at io.netty.util.concurrent.SingleThreadEventExecutor$5.run(SingleThreadEventExecutor.java:905) [netty-all-4.1.33.Final.jar:4.1.33.Final]
	at io.netty.util.concurrent.FastThreadLocalRunnable.run(FastThreadLocalRunnable.java:30) [netty-all-4.1.33.Final.jar:4.1.33.Final]
	at java.lang.Thread.run(Thread.java:748) [?:1.8.0_282]
16:52:04.256 [redisson-netty-4-6] ERROR org.redisson.client.handler.CommandsQueue - Exception occured. Channel: [id: 0xd969c475, L:/127.0.0.1:53859 - R:/127.0.0.1:6379]
java.io.IOException: 远程主机强迫关闭了一个现有的连接。
	at sun.nio.ch.SocketDispatcher.read0(Native Method) ~[?:1.8.0_282]
	at sun.nio.ch.SocketDispatcher.read(SocketDispatcher.java:43) ~[?:1.8.0_282]
	at sun.nio.ch.IOUtil.readIntoNativeBuffer(IOUtil.java:223) ~[?:1.8.0_282]
	at sun.nio.ch.IOUtil.read(IOUtil.java:192) ~[?:1.8.0_282]
	at sun.nio.ch.SocketChannelImpl.read(SocketChannelImpl.java:379) ~[?:1.8.0_282]
	at io.netty.buffer.PooledUnsafeDirectByteBuf.setBytes(PooledUnsafeDirectByteBuf.java:288) ~[netty-all-4.1.33.Final.jar:4.1.33.Final]
	at io.netty.buffer.AbstractByteBuf.writeBytes(AbstractByteBuf.java:1132) ~[netty-all-4.1.33.Final.jar:4.1.33.Final]
	at io.netty.channel.socket.nio.NioSocketChannel.doReadBytes(NioSocketChannel.java:347) ~[netty-all-4.1.33.Final.jar:4.1.33.Final]
	at io.netty.channel.nio.AbstractNioByteChannel$NioByteUnsafe.read(AbstractNioByteChannel.java:148) [netty-all-4.1.33.Final.jar:4.1.33.Final]
	at io.netty.channel.nio.NioEventLoop.processSelectedKey(NioEventLoop.java:677) [netty-all-4.1.33.Final.jar:4.1.33.Final]
	at io.netty.channel.nio.NioEventLoop.processSelectedKeysOptimized(NioEventLoop.java:612) [netty-all-4.1.33.Final.jar:4.1.33.Final]
	at io.netty.channel.nio.NioEventLoop.processSelectedKeys(NioEventLoop.java:529) [netty-all-4.1.33.Final.jar:4.1.33.Final]
	at io.netty.channel.nio.NioEventLoop.run(NioEventLoop.java:491) [netty-all-4.1.33.Final.jar:4.1.33.Final]
	at io.netty.util.concurrent.SingleThreadEventExecutor$5.run(SingleThreadEventExecutor.java:905) [netty-all-4.1.33.Final.jar:4.1.33.Final]
	at io.netty.util.concurrent.FastThreadLocalRunnable.run(FastThreadLocalRunnable.java:30) [netty-all-4.1.33.Final.jar:4.1.33.Final]
	at java.lang.Thread.run(Thread.java:748) [?:1.8.0_282]
16:52:04.256 [redisson-netty-4-9] ERROR org.redisson.client.handler.CommandsQueue - Exception occured. Channel: [id: 0x95197708, L:/127.0.0.1:53852 - R:/127.0.0.1:6379]
java.io.IOException: 远程主机强迫关闭了一个现有的连接。
	at sun.nio.ch.SocketDispatcher.read0(Native Method) ~[?:1.8.0_282]
	at sun.nio.ch.SocketDispatcher.read(SocketDispatcher.java:43) ~[?:1.8.0_282]
	at sun.nio.ch.IOUtil.readIntoNativeBuffer(IOUtil.java:223) ~[?:1.8.0_282]
	at sun.nio.ch.IOUtil.read(IOUtil.java:192) ~[?:1.8.0_282]
	at sun.nio.ch.SocketChannelImpl.read(SocketChannelImpl.java:379) ~[?:1.8.0_282]
	at io.netty.buffer.PooledUnsafeDirectByteBuf.setBytes(PooledUnsafeDirectByteBuf.java:288) ~[netty-all-4.1.33.Final.jar:4.1.33.Final]
	at io.netty.buffer.AbstractByteBuf.writeBytes(AbstractByteBuf.java:1132) ~[netty-all-4.1.33.Final.jar:4.1.33.Final]
	at io.netty.channel.socket.nio.NioSocketChannel.doReadBytes(NioSocketChannel.java:347) ~[netty-all-4.1.33.Final.jar:4.1.33.Final]
	at io.netty.channel.nio.AbstractNioByteChannel$NioByteUnsafe.read(AbstractNioByteChannel.java:148) [netty-all-4.1.33.Final.jar:4.1.33.Final]
	at io.netty.channel.nio.NioEventLoop.processSelectedKey(NioEventLoop.java:677) [netty-all-4.1.33.Final.jar:4.1.33.Final]
	at io.netty.channel.nio.NioEventLoop.processSelectedKeysOptimized(NioEventLoop.java:612) [netty-all-4.1.33.Final.jar:4.1.33.Final]
	at io.netty.channel.nio.NioEventLoop.processSelectedKeys(NioEventLoop.java:529) [netty-all-4.1.33.Final.jar:4.1.33.Final]
	at io.netty.channel.nio.NioEventLoop.run(NioEventLoop.java:491) [netty-all-4.1.33.Final.jar:4.1.33.Final]
	at io.netty.util.concurrent.SingleThreadEventExecutor$5.run(SingleThreadEventExecutor.java:905) [netty-all-4.1.33.Final.jar:4.1.33.Final]
	at io.netty.util.concurrent.FastThreadLocalRunnable.run(FastThreadLocalRunnable.java:30) [netty-all-4.1.33.Final.jar:4.1.33.Final]
	at java.lang.Thread.run(Thread.java:748) [?:1.8.0_282]
16:52:04.256 [redisson-netty-4-3] ERROR org.redisson.client.handler.CommandsQueue - Exception occured. Channel: [id: 0xc62115f6, L:/127.0.0.1:53858 - R:/127.0.0.1:6379]
java.io.IOException: 远程主机强迫关闭了一个现有的连接。
	at sun.nio.ch.SocketDispatcher.read0(Native Method) ~[?:1.8.0_282]
	at sun.nio.ch.SocketDispatcher.read(SocketDispatcher.java:43) ~[?:1.8.0_282]
	at sun.nio.ch.IOUtil.readIntoNativeBuffer(IOUtil.java:223) ~[?:1.8.0_282]
	at sun.nio.ch.IOUtil.read(IOUtil.java:192) ~[?:1.8.0_282]
	at sun.nio.ch.SocketChannelImpl.read(SocketChannelImpl.java:379) ~[?:1.8.0_282]
	at io.netty.buffer.PooledUnsafeDirectByteBuf.setBytes(PooledUnsafeDirectByteBuf.java:288) ~[netty-all-4.1.33.Final.jar:4.1.33.Final]
	at io.netty.buffer.AbstractByteBuf.writeBytes(AbstractByteBuf.java:1132) ~[netty-all-4.1.33.Final.jar:4.1.33.Final]
	at io.netty.channel.socket.nio.NioSocketChannel.doReadBytes(NioSocketChannel.java:347) ~[netty-all-4.1.33.Final.jar:4.1.33.Final]
	at io.netty.channel.nio.AbstractNioByteChannel$NioByteUnsafe.read(AbstractNioByteChannel.java:148) [netty-all-4.1.33.Final.jar:4.1.33.Final]
	at io.netty.channel.nio.NioEventLoop.processSelectedKey(NioEventLoop.java:677) [netty-all-4.1.33.Final.jar:4.1.33.Final]
	at io.netty.channel.nio.NioEventLoop.processSelectedKeysOptimized(NioEventLoop.java:612) [netty-all-4.1.33.Final.jar:4.1.33.Final]
	at io.netty.channel.nio.NioEventLoop.processSelectedKeys(NioEventLoop.java:529) [netty-all-4.1.33.Final.jar:4.1.33.Final]
	at io.netty.channel.nio.NioEventLoop.run(NioEventLoop.java:491) [netty-all-4.1.33.Final.jar:4.1.33.Final]
	at io.netty.util.concurrent.SingleThreadEventExecutor$5.run(SingleThreadEventExecutor.java:905) [netty-all-4.1.33.Final.jar:4.1.33.Final]
	at io.netty.util.concurrent.FastThreadLocalRunnable.run(FastThreadLocalRunnable.java:30) [netty-all-4.1.33.Final.jar:4.1.33.Final]
	at java.lang.Thread.run(Thread.java:748) [?:1.8.0_282]
16:52:04.256 [redisson-netty-4-5] ERROR org.redisson.client.handler.CommandsQueue - Exception occured. Channel: [id: 0xf1989e4a, L:/127.0.0.1:53850 - R:/127.0.0.1:6379]
java.io.IOException: 远程主机强迫关闭了一个现有的连接。
	at sun.nio.ch.SocketDispatcher.read0(Native Method) ~[?:1.8.0_282]
	at sun.nio.ch.SocketDispatcher.read(SocketDispatcher.java:43) ~[?:1.8.0_282]
	at sun.nio.ch.IOUtil.readIntoNativeBuffer(IOUtil.java:223) ~[?:1.8.0_282]
	at sun.nio.ch.IOUtil.read(IOUtil.java:192) ~[?:1.8.0_282]
	at sun.nio.ch.SocketChannelImpl.read(SocketChannelImpl.java:379) ~[?:1.8.0_282]
	at io.netty.buffer.PooledUnsafeDirectByteBuf.setBytes(PooledUnsafeDirectByteBuf.java:288) ~[netty-all-4.1.33.Final.jar:4.1.33.Final]
	at io.netty.buffer.AbstractByteBuf.writeBytes(AbstractByteBuf.java:1132) ~[netty-all-4.1.33.Final.jar:4.1.33.Final]
	at io.netty.channel.socket.nio.NioSocketChannel.doReadBytes(NioSocketChannel.java:347) ~[netty-all-4.1.33.Final.jar:4.1.33.Final]
	at io.netty.channel.nio.AbstractNioByteChannel$NioByteUnsafe.read(AbstractNioByteChannel.java:148) [netty-all-4.1.33.Final.jar:4.1.33.Final]
	at io.netty.channel.nio.NioEventLoop.processSelectedKey(NioEventLoop.java:677) [netty-all-4.1.33.Final.jar:4.1.33.Final]
	at io.netty.channel.nio.NioEventLoop.processSelectedKeysOptimized(NioEventLoop.java:612) [netty-all-4.1.33.Final.jar:4.1.33.Final]
	at io.netty.channel.nio.NioEventLoop.processSelectedKeys(NioEventLoop.java:529) [netty-all-4.1.33.Final.jar:4.1.33.Final]
	at io.netty.channel.nio.NioEventLoop.run(NioEventLoop.java:491) [netty-all-4.1.33.Final.jar:4.1.33.Final]
	at io.netty.util.concurrent.SingleThreadEventExecutor$5.run(SingleThreadEventExecutor.java:905) [netty-all-4.1.33.Final.jar:4.1.33.Final]
	at io.netty.util.concurrent.FastThreadLocalRunnable.run(FastThreadLocalRunnable.java:30) [netty-all-4.1.33.Final.jar:4.1.33.Final]
	at java.lang.Thread.run(Thread.java:748) [?:1.8.0_282]
16:52:04.356 [redisson-netty-4-10] ERROR org.redisson.client.handler.CommandsQueue - Exception occured. Channel: [id: 0x2755d16d, L:/127.0.0.1:53855 - R:/127.0.0.1:6379]
java.io.IOException: 远程主机强迫关闭了一个现有的连接。
	at sun.nio.ch.SocketDispatcher.read0(Native Method) ~[?:1.8.0_282]
	at sun.nio.ch.SocketDispatcher.read(SocketDispatcher.java:43) ~[?:1.8.0_282]
	at sun.nio.ch.IOUtil.readIntoNativeBuffer(IOUtil.java:223) ~[?:1.8.0_282]
	at sun.nio.ch.IOUtil.read(IOUtil.java:192) ~[?:1.8.0_282]
	at sun.nio.ch.SocketChannelImpl.read(SocketChannelImpl.java:379) ~[?:1.8.0_282]
	at io.netty.buffer.PooledUnsafeDirectByteBuf.setBytes(PooledUnsafeDirectByteBuf.java:288) ~[netty-all-4.1.33.Final.jar:4.1.33.Final]
	at io.netty.buffer.AbstractByteBuf.writeBytes(AbstractByteBuf.java:1132) ~[netty-all-4.1.33.Final.jar:4.1.33.Final]
	at io.netty.channel.socket.nio.NioSocketChannel.doReadBytes(NioSocketChannel.java:347) ~[netty-all-4.1.33.Final.jar:4.1.33.Final]
	at io.netty.channel.nio.AbstractNioByteChannel$NioByteUnsafe.read(AbstractNioByteChannel.java:148) [netty-all-4.1.33.Final.jar:4.1.33.Final]
	at io.netty.channel.nio.NioEventLoop.processSelectedKey(NioEventLoop.java:677) [netty-all-4.1.33.Final.jar:4.1.33.Final]
	at io.netty.channel.nio.NioEventLoop.processSelectedKeysOptimized(NioEventLoop.java:612) [netty-all-4.1.33.Final.jar:4.1.33.Final]
	at io.netty.channel.nio.NioEventLoop.processSelectedKeys(NioEventLoop.java:529) [netty-all-4.1.33.Final.jar:4.1.33.Final]
	at io.netty.channel.nio.NioEventLoop.run(NioEventLoop.java:491) [netty-all-4.1.33.Final.jar:4.1.33.Final]
	at io.netty.util.concurrent.SingleThreadEventExecutor$5.run(SingleThreadEventExecutor.java:905) [netty-all-4.1.33.Final.jar:4.1.33.Final]
	at io.netty.util.concurrent.FastThreadLocalRunnable.run(FastThreadLocalRunnable.java:30) [netty-all-4.1.33.Final.jar:4.1.33.Final]
	at java.lang.Thread.run(Thread.java:748) [?:1.8.0_282]
16:52:04.357 [redisson-netty-4-12] ERROR org.redisson.client.handler.CommandsQueue - Exception occured. Channel: [id: 0x8ca571c7, L:/127.0.0.1:53860 - R:/127.0.0.1:6379]
java.io.IOException: 远程主机强迫关闭了一个现有的连接。
	at sun.nio.ch.SocketDispatcher.read0(Native Method) ~[?:1.8.0_282]
	at sun.nio.ch.SocketDispatcher.read(SocketDispatcher.java:43) ~[?:1.8.0_282]
	at sun.nio.ch.IOUtil.readIntoNativeBuffer(IOUtil.java:223) ~[?:1.8.0_282]
	at sun.nio.ch.IOUtil.read(IOUtil.java:192) ~[?:1.8.0_282]
	at sun.nio.ch.SocketChannelImpl.read(SocketChannelImpl.java:379) ~[?:1.8.0_282]
	at io.netty.buffer.PooledUnsafeDirectByteBuf.setBytes(PooledUnsafeDirectByteBuf.java:288) ~[netty-all-4.1.33.Final.jar:4.1.33.Final]
	at io.netty.buffer.AbstractByteBuf.writeBytes(AbstractByteBuf.java:1132) ~[netty-all-4.1.33.Final.jar:4.1.33.Final]
	at io.netty.channel.socket.nio.NioSocketChannel.doReadBytes(NioSocketChannel.java:347) ~[netty-all-4.1.33.Final.jar:4.1.33.Final]
	at io.netty.channel.nio.AbstractNioByteChannel$NioByteUnsafe.read(AbstractNioByteChannel.java:148) [netty-all-4.1.33.Final.jar:4.1.33.Final]
	at io.netty.channel.nio.NioEventLoop.processSelectedKey(NioEventLoop.java:677) [netty-all-4.1.33.Final.jar:4.1.33.Final]
	at io.netty.channel.nio.NioEventLoop.processSelectedKeysOptimized(NioEventLoop.java:612) [netty-all-4.1.33.Final.jar:4.1.33.Final]
	at io.netty.channel.nio.NioEventLoop.processSelectedKeys(NioEventLoop.java:529) [netty-all-4.1.33.Final.jar:4.1.33.Final]
	at io.netty.channel.nio.NioEventLoop.run(NioEventLoop.java:491) [netty-all-4.1.33.Final.jar:4.1.33.Final]
	at io.netty.util.concurrent.SingleThreadEventExecutor$5.run(SingleThreadEventExecutor.java:905) [netty-all-4.1.33.Final.jar:4.1.33.Final]
	at io.netty.util.concurrent.FastThreadLocalRunnable.run(FastThreadLocalRunnable.java:30) [netty-all-4.1.33.Final.jar:4.1.33.Final]
	at java.lang.Thread.run(Thread.java:748) [?:1.8.0_282]
